[2017-12-28 16:12:12]	Not valid license or your license expired! Please feel free to contact the author!
[2017-12-28 16:13:00]	SVMTextClassifier::load_features error open C:\software\eclipse\eclipse_workspace\SentimentAnalysis\Data\dc_features_utf.dat
[2017-12-28 16:13:01]	number of training set is lower than 0 
[2017-12-28 16:13:01]	null
[2017-12-28 16:13:01]	SVMTextClassifier::load_features error open C:\software\eclipse\eclipse_workspace\SentimentAnalysis\Data\dc_features_utf.dat
[2017-12-28 16:13:01]	SVMTextClassifier::load_features error open C:\software\eclipse\eclipse_workspace\SentimentAnalysis\Data\dc_features_utf.dat
[2017-12-28 16:13:10]	SVMTextClassifier::load_features error open C:\software\eclipse\eclipse_workspace\SentimentAnalysis\Data\dc_features_utf.dat
[2017-12-28 16:13:10]	number of training set is lower than 0 
[2017-12-28 16:13:10]	null
[2017-12-28 16:13:10]	SVMTextClassifier::load_features error open C:\software\eclipse\eclipse_workspace\SentimentAnalysis\Data\dc_features_utf.dat
[2017-12-28 16:13:10]	SVMTextClassifier::load_features error open C:\software\eclipse\eclipse_workspace\SentimentAnalysis\Data\dc_features_utf.dat
[2017-12-28 16:13:27]	SVMTextClassifier::load_features error open C:\software\eclipse\eclipse_workspace\SentimentAnalysis\Data\dc_features_utf.dat
[2017-12-28 16:13:27]	number of training set is lower than 0 
[2017-12-28 16:13:27]	null
[2017-12-28 16:13:27]	SVMTextClassifier::load_features error open C:\software\eclipse\eclipse_workspace\SentimentAnalysis\Data\dc_features_utf.dat
[2017-12-28 16:13:27]	SVMTextClassifier::load_features error open C:\software\eclipse\eclipse_workspace\SentimentAnalysis\Data\dc_features_utf.dat
[2017-12-28 16:15:29]	SVMTextClassifier::load_features error open C:\software\eclipse\eclipse_workspace\SentimentAnalysis\Data\dc_features_utf.dat
[2017-12-28 16:15:30]	number of training set is lower than 0 
[2017-12-28 16:15:30]	null
[2017-12-28 16:15:30]	SVMTextClassifier::load_features error open C:\software\eclipse\eclipse_workspace\SentimentAnalysis\Data\dc_features_utf.dat
[2017-12-28 16:15:30]	SVMTextClassifier::load_features error open C:\software\eclipse\eclipse_workspace\SentimentAnalysis\Data\dc_features_utf.dat
[2017-12-28 16:16:08]	SVMTextClassifier::load_features error open C:\software\eclipse\eclipse_workspace\SentimentAnalysis\Data\dc_features_utf.dat
[2017-12-28 16:16:09]	number of training set is lower than 0 
[2017-12-28 16:16:09]	null
[2017-12-28 16:16:09]	SVMTextClassifier::load_features error open C:\software\eclipse\eclipse_workspace\SentimentAnalysis\Data\dc_features_utf.dat
[2017-12-28 16:16:09]	SVMTextClassifier::load_features error open C:\software\eclipse\eclipse_workspace\SentimentAnalysis\Data\dc_features_utf.dat
[2017-12-28 16:17:49]	SVMTextClassifier::load_features error open C:\software\eclipse\eclipse_workspace\SentimentAnalysis\Data\dc_features_utf.dat
[2017-12-28 16:17:50]	number of training set is lower than 0 
[2017-12-28 16:17:50]	null
[2017-12-28 16:17:50]	SVMTextClassifier::load_features error open C:\software\eclipse\eclipse_workspace\SentimentAnalysis\Data\dc_features_utf.dat
[2017-12-28 16:17:50]	SVMTextClassifier::load_features error open C:\software\eclipse\eclipse_workspace\SentimentAnalysis\Data\dc_features_utf.dat
[2017-12-28 16:20:27]	SVMTextClassifier::load_features error open C:\software\eclipse\eclipse_workspace\SentimentAnalysis\Data\dc_features_utf.dat
[2017-12-28 16:20:28]	number of training set is lower than 0 
[2017-12-28 16:20:28]	null
[2017-12-28 16:20:28]	SVMTextClassifier::load_features error open C:\software\eclipse\eclipse_workspace\SentimentAnalysis\Data\dc_features_utf.dat
[2017-12-28 16:20:28]	SVMTextClassifier::load_features error open C:\software\eclipse\eclipse_workspace\SentimentAnalysis\Data\dc_features_utf.dat
[2017-12-28 16:20:34]	SVMTextClassifier::load_features error open C:\software\eclipse\eclipse_workspace\SentimentAnalysis\Data\dc_features_utf.dat
[2017-12-28 16:20:35]	number of training set is lower than 0 
[2017-12-28 16:20:35]	null
[2017-12-28 16:20:35]	SVMTextClassifier::load_features error open C:\software\eclipse\eclipse_workspace\SentimentAnalysis\Data\dc_features_utf.dat
[2017-12-28 16:20:35]	SVMTextClassifier::load_features error open C:\software\eclipse\eclipse_workspace\SentimentAnalysis\Data\dc_features_utf.dat
[2017-12-28 16:21:09]	SVMTextClassifier::load_features error open C:\software\eclipse\eclipse_workspace\SentimentAnalysis\Data\dc_features_utf.dat
[2017-12-28 16:21:10]	number of training set is lower than 0 
[2017-12-28 16:21:10]	null
[2017-12-28 16:21:10]	SVMTextClassifier::load_features error open C:\software\eclipse\eclipse_workspace\SentimentAnalysis\Data\dc_features_utf.dat
[2017-12-28 16:21:10]	SVMTextClassifier::load_features error open C:\software\eclipse\eclipse_workspace\SentimentAnalysis\Data\dc_features_utf.dat
[2017-12-28 16:22:20]	SVMTextClassifier::load_features error open C:\software\eclipse\eclipse_workspace\SentimentAnalysis\Data\dc_features_utf.dat
[2017-12-28 16:22:21]	number of training set is lower than 0 
[2017-12-28 16:22:21]	null
[2017-12-28 16:22:21]	SVMTextClassifier::load_features error open C:\software\eclipse\eclipse_workspace\SentimentAnalysis\Data\dc_features_utf.dat
[2017-12-28 16:22:21]	SVMTextClassifier::load_features error open C:\software\eclipse\eclipse_workspace\SentimentAnalysis\Data\dc_features_utf.dat
[2017-12-28 16:24:52]	SVMTextClassifier::load_features error open C:\software\eclipse\eclipse_workspace\SentimentAnalysis\Data\dc_features_utf.dat
[2017-12-28 16:24:52]	number of training set is lower than 0 
[2017-12-28 16:24:52]	null
[2017-12-28 16:24:53]	SVMTextClassifier::load_features error open C:\software\eclipse\eclipse_workspace\SentimentAnalysis\Data\dc_features_utf.dat
[2017-12-28 16:24:53]	SVMTextClassifier::load_features error open C:\software\eclipse\eclipse_workspace\SentimentAnalysis\Data\dc_features_utf.dat
[2017-12-28 16:27:28]	SVMTextClassifier::load_features error open C:\software\eclipse\eclipse_workspace\SentimentAnalysis\Data\dc_features_utf.dat
[2017-12-28 16:27:28]	number of training set is lower than 0 
[2017-12-28 16:27:28]	null
[2017-12-28 16:27:28]	SVMTextClassifier::load_features error open C:\software\eclipse\eclipse_workspace\SentimentAnalysis\Data\dc_features_utf.dat
[2017-12-28 16:27:28]	SVMTextClassifier::load_features error open C:\software\eclipse\eclipse_workspace\SentimentAnalysis\Data\dc_features_utf.dat
[2017-12-28 16:28:14]	SVMTextClassifier::load_features error open C:\software\eclipse\eclipse_workspace\SentimentAnalysis\Data\dc_features_utf.dat
[2017-12-28 16:28:15]	number of training set is lower than 0 
[2017-12-28 16:28:15]	null
[2017-12-28 16:28:15]	SVMTextClassifier::load_features error open C:\software\eclipse\eclipse_workspace\SentimentAnalysis\Data\dc_features_utf.dat
[2017-12-28 16:28:15]	SVMTextClassifier::load_features error open C:\software\eclipse\eclipse_workspace\SentimentAnalysis\Data\dc_features_utf.dat
[2017-12-28 16:29:15]	SVMTextClassifier::load_features error open C:\software\eclipse\eclipse_workspace\SentimentAnalysis\Data\dc_features_utf.dat
[2017-12-28 16:29:16]	number of training set is lower than 0 
[2017-12-28 16:29:16]	null
[2017-12-28 16:29:16]	SVMTextClassifier::load_features error open C:\software\eclipse\eclipse_workspace\SentimentAnalysis\Data\dc_features_utf.dat
[2017-12-28 16:29:16]	SVMTextClassifier::load_features error open C:\software\eclipse\eclipse_workspace\SentimentAnalysis\Data\dc_features_utf.dat
[2017-12-28 16:33:07]	SVMTextClassifier::load_features error open C:\software\eclipse\eclipse_workspace\SentimentAnalysis\Data\dc_features_utf.dat
[2017-12-28 16:33:08]	number of training set is lower than 0 
[2017-12-28 16:33:08]	null
[2017-12-28 16:33:08]	SVMTextClassifier::load_features error open C:\software\eclipse\eclipse_workspace\SentimentAnalysis\Data\dc_features_utf.dat
[2017-12-28 16:33:08]	SVMTextClassifier::load_features error open C:\software\eclipse\eclipse_workspace\SentimentAnalysis\Data\dc_features_utf.dat
[2017-12-28 16:33:44]	SVMTextClassifier::load_features error open C:\software\eclipse\eclipse_workspace\SentimentAnalysis\Data\dc_features_utf.dat
[2017-12-28 16:33:44]	number of training set is lower than 0 
[2017-12-28 16:33:44]	null
[2017-12-28 16:33:45]	SVMTextClassifier::load_features error open C:\software\eclipse\eclipse_workspace\SentimentAnalysis\Data\dc_features_utf.dat
[2017-12-28 16:33:45]	SVMTextClassifier::load_features error open C:\software\eclipse\eclipse_workspace\SentimentAnalysis\Data\dc_features_utf.dat
[2017-12-28 16:33:59]	SVMTextClassifier::load_features error open C:\software\eclipse\eclipse_workspace\SentimentAnalysis\Data\dc_features_utf.dat
[2017-12-28 16:34:00]	number of training set is lower than 0 
[2017-12-28 16:34:00]	null
[2017-12-28 16:34:00]	SVMTextClassifier::load_features error open C:\software\eclipse\eclipse_workspace\SentimentAnalysis\Data\dc_features_utf.dat
[2017-12-28 16:34:00]	SVMTextClassifier::load_features error open C:\software\eclipse\eclipse_workspace\SentimentAnalysis\Data\dc_features_utf.dat
[2017-12-28 16:36:32]	SVMTextClassifier::load_features error open C:\software\eclipse\eclipse_workspace\SentimentAnalysis\Data\dc_features_utf.dat
[2017-12-28 16:36:33]	number of training set is lower than 0 
[2017-12-28 16:36:33]	null
[2017-12-28 16:36:33]	SVMTextClassifier::load_features error open C:\software\eclipse\eclipse_workspace\SentimentAnalysis\Data\dc_features_utf.dat
[2017-12-28 16:36:33]	SVMTextClassifier::load_features error open C:\software\eclipse\eclipse_workspace\SentimentAnalysis\Data\dc_features_utf.dat
[2017-12-28 16:37:02]	SVMTextClassifier::load_features error open C:\software\eclipse\eclipse_workspace\SentimentAnalysis\Data\dc_features_utf.dat
[2017-12-28 16:37:02]	number of training set is lower than 0 
[2017-12-28 16:37:02]	null
[2017-12-28 16:37:03]	SVMTextClassifier::load_features error open C:\software\eclipse\eclipse_workspace\SentimentAnalysis\Data\dc_features_utf.dat
[2017-12-28 16:37:03]	SVMTextClassifier::load_features error open C:\software\eclipse\eclipse_workspace\SentimentAnalysis\Data\dc_features_utf.dat
[2017-12-28 16:38:59]	SVMTextClassifier::load_features error open C:\software\eclipse\eclipse_workspace\SentimentAnalysis\Data\dc_features_utf.dat
[2017-12-28 16:39:00]	number of training set is lower than 0 
[2017-12-28 16:39:00]	null
[2017-12-28 16:39:00]	SVMTextClassifier::load_features error open C:\software\eclipse\eclipse_workspace\SentimentAnalysis\Data\dc_features_utf.dat
[2017-12-28 16:39:00]	SVMTextClassifier::load_features error open C:\software\eclipse\eclipse_workspace\SentimentAnalysis\Data\dc_features_utf.dat
[2017-12-28 16:40:16]	SVMTextClassifier::load_features error open C:\software\eclipse\eclipse_workspace\SentimentAnalysis\Data\dc_features_utf.dat
[2017-12-28 16:40:16]	number of training set is lower than 0 
[2017-12-28 16:40:16]	null
[2017-12-28 16:40:17]	SVMTextClassifier::load_features error open C:\software\eclipse\eclipse_workspace\SentimentAnalysis\Data\dc_features_utf.dat
[2017-12-28 16:40:17]	SVMTextClassifier::load_features error open C:\software\eclipse\eclipse_workspace\SentimentAnalysis\Data\dc_features_utf.dat
[2017-12-28 16:43:10]	SVMTextClassifier::load_features error open C:\software\eclipse\eclipse_workspace\SentimentAnalysis\Data\dc_features_utf.dat
[2017-12-28 16:43:11]	number of training set is lower than 0 
[2017-12-28 16:43:11]	null
[2017-12-28 16:43:11]	SVMTextClassifier::load_features error open C:\software\eclipse\eclipse_workspace\SentimentAnalysis\Data\dc_features_utf.dat
[2017-12-28 16:43:11]	SVMTextClassifier::load_features error open C:\software\eclipse\eclipse_workspace\SentimentAnalysis\Data\dc_features_utf.dat
[2017-12-28 16:44:33]	SVMTextClassifier::load_features error open C:\software\eclipse\eclipse_workspace\SentimentAnalysis\Data\dc_features_utf.dat
[2017-12-28 16:44:34]	number of training set is lower than 0 
[2017-12-28 16:44:34]	null
[2017-12-28 16:44:34]	SVMTextClassifier::load_features error open C:\software\eclipse\eclipse_workspace\SentimentAnalysis\Data\dc_features_utf.dat
[2017-12-28 16:44:34]	SVMTextClassifier::load_features error open C:\software\eclipse\eclipse_workspace\SentimentAnalysis\Data\dc_features_utf.dat
[2017-12-28 16:45:56]	SVMTextClassifier::load_features error open C:\software\eclipse\eclipse_workspace\SentimentAnalysis\Data\dc_features_utf.dat
[2017-12-28 16:45:57]	number of training set is lower than 0 
[2017-12-28 16:45:57]	null
[2017-12-28 16:45:57]	SVMTextClassifier::load_features error open C:\software\eclipse\eclipse_workspace\SentimentAnalysis\Data\dc_features_utf.dat
[2017-12-28 16:45:57]	SVMTextClassifier::load_features error open C:\software\eclipse\eclipse_workspace\SentimentAnalysis\Data\dc_features_utf.dat
[2017-12-28 16:52:12]	Cannot open user dictionary C:\software\eclipse\eclipse_workspace\SentimentAnalysis\Data\UserDict.pdat
[2017-12-28 16:52:13]	Cannot open user dictionary C:\software\eclipse\eclipse_workspace\SentimentAnalysis\Data\UserDict.pdat
[2017-12-28 16:52:15]	Cannot open user dictionary C:\software\eclipse\eclipse_workspace\SentimentAnalysis\Data\UserDict.pdat
[2017-12-28 16:52:15]	Cannot open user dictionary C:\software\eclipse\eclipse_workspace\SentimentAnalysis\Data\UserDict.pdat
[2017-12-28 16:52:53]	Cannot open user dictionary C:\software\eclipse\eclipse_workspace\SentimentAnalysis\Data\UserDict.pdat
[2017-12-28 16:52:54]	Cannot open user dictionary C:\software\eclipse\eclipse_workspace\SentimentAnalysis\Data\UserDict.pdat
[2017-12-28 16:52:55]	Cannot open user dictionary C:\software\eclipse\eclipse_workspace\SentimentAnalysis\Data\UserDict.pdat
[2017-12-28 16:52:55]	Cannot open user dictionary C:\software\eclipse\eclipse_workspace\SentimentAnalysis\Data\UserDict.pdat
[2017-12-28 17:15:32]	Failed Open file Failed Open file 
[2017-12-28 17:15:32]	Error read file
[2017-12-28 17:15:32]	dict/user_dict.txt
[2017-12-28 17:15:32]	Failed Open file Failed Open file 
[2017-12-28 17:15:33]	open file failed with
[2017-12-28 17:15:33]	test/source.txt
[2017-12-28 17:15:33]	Error read file
[2017-12-28 17:15:33]	./test/十八大报告.TXT
[2017-12-28 17:15:33]	Failed Open file Failed Open file 
[2017-12-28 17:20:57]	Failed Open file Failed Open file 
[2017-12-28 17:20:57]	Error read file
[2017-12-28 17:20:57]	dict/user_dict.txt
[2017-12-28 17:20:57]	Failed Open file Failed Open file 
[2017-12-28 17:20:57]	open file failed with
[2017-12-28 17:20:57]	test/source.txt
[2017-12-28 17:20:58]	Error read file
[2017-12-28 17:20:58]	./test/十八大报告.TXT
[2017-12-28 17:20:58]	Failed Open file Failed Open file 
[2017-12-28 17:22:32]	Failed Open file Failed Open file 
[2017-12-28 17:22:32]	Error read file
[2017-12-28 17:22:32]	dict/user_dict.txt
[2017-12-28 17:22:32]	Failed Open file Failed Open file 
[2017-12-28 17:22:32]	open file failed with
[2017-12-28 17:22:32]	test/source.txt
[2017-12-28 17:22:32]	Error read file
[2017-12-28 17:22:32]	./test/十八大报告.TXT
[2017-12-28 17:22:32]	Failed Open file Failed Open file 
[2017-12-28 17:23:09]	Failed Open file Failed Open file 
[2017-12-28 17:23:09]	Error read file
[2017-12-28 17:23:09]	dict/user_dict.txt
[2017-12-28 17:23:09]	Failed Open file Failed Open file 
[2017-12-28 17:23:09]	open file failed with
[2017-12-28 17:23:09]	test/source.txt
[2017-12-28 17:23:09]	Error read file
[2017-12-28 17:23:09]	./test/十八大报告.TXT
[2017-12-28 17:23:10]	Failed Open file Failed Open file 
