[2017-12-28 16:13:01]	finish making dc_train.dat
[2017-12-28 16:13:01]	finish free memory
[2017-12-28 16:13:01]	clear training set
[2017-12-28 16:13:01]	save classes successed！
[2017-12-28 16:13:10]	finish making dc_train.dat
[2017-12-28 16:13:10]	finish free memory
[2017-12-28 16:13:10]	clear training set
[2017-12-28 16:13:10]	save classes successed！
[2017-12-28 16:13:27]	finish making dc_train.dat
[2017-12-28 16:13:27]	finish free memory
[2017-12-28 16:13:27]	clear training set
[2017-12-28 16:13:27]	save classes successed！
[2017-12-28 16:15:30]	finish making dc_train.dat
[2017-12-28 16:15:30]	finish free memory
[2017-12-28 16:15:30]	clear training set
[2017-12-28 16:15:30]	save classes successed！
[2017-12-28 16:16:09]	finish making dc_train.dat
[2017-12-28 16:16:09]	finish free memory
[2017-12-28 16:16:09]	clear training set
[2017-12-28 16:16:09]	save classes successed！
[2017-12-28 16:17:50]	finish making dc_train.dat
[2017-12-28 16:17:50]	finish free memory
[2017-12-28 16:17:50]	clear training set
[2017-12-28 16:17:50]	save classes successed！
[2017-12-28 16:20:28]	finish making dc_train.dat
[2017-12-28 16:20:28]	finish free memory
[2017-12-28 16:20:28]	clear training set
[2017-12-28 16:20:28]	save classes successed！
[2017-12-28 16:20:35]	finish making dc_train.dat
[2017-12-28 16:20:35]	finish free memory
[2017-12-28 16:20:35]	clear training set
[2017-12-28 16:20:35]	save classes successed！
[2017-12-28 16:21:10]	finish making dc_train.dat
[2017-12-28 16:21:10]	finish free memory
[2017-12-28 16:21:10]	clear training set
[2017-12-28 16:21:10]	save classes successed！
[2017-12-28 16:22:21]	finish making dc_train.dat
[2017-12-28 16:22:21]	finish free memory
[2017-12-28 16:22:21]	clear training set
[2017-12-28 16:22:21]	save classes successed！
[2017-12-28 16:24:52]	finish making dc_train.dat
[2017-12-28 16:24:52]	finish free memory
[2017-12-28 16:24:52]	clear training set
[2017-12-28 16:24:52]	save classes successed！
[2017-12-28 16:27:28]	finish making dc_train.dat
[2017-12-28 16:27:28]	finish free memory
[2017-12-28 16:27:28]	clear training set
[2017-12-28 16:27:28]	save classes successed！
[2017-12-28 16:28:15]	finish making dc_train.dat
[2017-12-28 16:28:15]	finish free memory
[2017-12-28 16:28:15]	clear training set
[2017-12-28 16:28:15]	save classes successed！
[2017-12-28 16:29:16]	finish making dc_train.dat
[2017-12-28 16:29:16]	finish free memory
[2017-12-28 16:29:16]	clear training set
[2017-12-28 16:29:16]	save classes successed！
[2017-12-28 16:33:08]	finish making dc_train.dat
[2017-12-28 16:33:08]	finish free memory
[2017-12-28 16:33:08]	clear training set
[2017-12-28 16:33:08]	save classes successed！
[2017-12-28 16:33:44]	finish making dc_train.dat
[2017-12-28 16:33:44]	finish free memory
[2017-12-28 16:33:44]	clear training set
[2017-12-28 16:33:44]	save classes successed！
[2017-12-28 16:34:00]	finish making dc_train.dat
[2017-12-28 16:34:00]	finish free memory
[2017-12-28 16:34:00]	clear training set
[2017-12-28 16:34:00]	save classes successed！
[2017-12-28 16:36:33]	finish making dc_train.dat
[2017-12-28 16:36:33]	finish free memory
[2017-12-28 16:36:33]	clear training set
[2017-12-28 16:36:33]	save classes successed！
[2017-12-28 16:37:02]	finish making dc_train.dat
[2017-12-28 16:37:02]	finish free memory
[2017-12-28 16:37:02]	clear training set
[2017-12-28 16:37:02]	save classes successed！
[2017-12-28 16:39:00]	finish making dc_train.dat
[2017-12-28 16:39:00]	finish free memory
[2017-12-28 16:39:00]	clear training set
[2017-12-28 16:39:00]	save classes successed！
[2017-12-28 16:40:16]	finish making dc_train.dat
[2017-12-28 16:40:16]	finish free memory
[2017-12-28 16:40:16]	clear training set
[2017-12-28 16:40:16]	save classes successed！
[2017-12-28 16:43:11]	finish making dc_train.dat
[2017-12-28 16:43:11]	finish free memory
[2017-12-28 16:43:11]	clear training set
[2017-12-28 16:43:11]	save classes successed！
[2017-12-28 16:44:34]	finish making dc_train.dat
[2017-12-28 16:44:34]	finish free memory
[2017-12-28 16:44:34]	clear training set
[2017-12-28 16:44:34]	save classes successed！
[2017-12-28 16:45:57]	finish making dc_train.dat
[2017-12-28 16:45:57]	finish free memory
[2017-12-28 16:45:57]	clear training set
[2017-12-28 16:45:57]	save classes successed！
[2017-12-28 16:52:12]	万科 nz->key_ngs
[2017-12-28 16:52:12]	开心 a->happ
[2017-12-28 16:52:12]	幸福 a->happ
[2017-12-28 16:52:12]	遗憾 a->sorr
[2017-12-28 16:52:12]	长春 ns->nz
[2017-12-28 16:52:12]	万科 nz->nt
[2017-12-28 16:52:12]	阿里巴巴 nz->nt
[2017-12-28 16:52:12]	阿里 nrf->nt
[2017-12-28 16:52:12]	大唐 nz->nt
[2017-12-28 16:52:12]	三星 n->nt
[2017-12-28 16:52:12]	科林 nrf->nt
[2017-12-28 16:52:12]	戴尔 nrf->nt
[2017-12-28 16:52:12]	阿布扎比 nrf->nsf
[2017-12-28 16:52:12]	阿皮亚 n->nsf
[2017-12-28 16:52:12]	安塔拉 nrf->gain
[2017-12-28 16:52:12]	奥古斯塔 nrf->nsf
[2017-12-28 16:52:12]	北川 nrj->ns
[2017-12-28 16:52:12]	长岛 n->nsf
[2017-12-28 16:52:12]	大公报 n->gnhk
[2017-12-28 16:52:12]	俄通社 nt->gars
[2017-12-28 16:52:12]	二连浩特 n->ns
[2017-12-28 16:52:12]	法新社 nt->gafr
[2017-12-28 16:52:12]	桂阳 n->ns
[2017-12-28 16:52:12]	贵池 n->ns
[2017-12-28 16:52:12]	海口 n->ns
[2017-12-28 16:52:12]	河源 n->ns
[2017-12-28 16:52:12]	鹤壁 n->ns
[2017-12-28 16:52:12]	徽县 n->ns
[2017-12-28 16:52:12]	徽州 n->ns
[2017-12-28 16:52:12]	霍林郭勒 n->ns
[2017-12-28 16:52:12]	解放军报 n->gnqg
[2017-12-28 16:52:13]	金边 n->nsf
[2017-12-28 16:52:13]	金融界 n->gwcj
[2017-12-28 16:52:13]	今晚报 n->gntj
[2017-12-28 16:52:13]	津市 n->ns
[2017-12-28 16:52:13]	肯塔基 n->nsf
[2017-12-28 16:52:13]	快报 n->gnhk
[2017-12-28 16:52:13]	奎屯 n->ns
[2017-12-28 16:52:13]	联合报 n->gntw
[2017-12-28 16:52:13]	涟源 n->ns
[2017-12-28 16:52:13]	辽源 n->ns
[2017-12-28 16:52:13]	路透社 nt->gauk
[2017-12-28 16:52:13]	美联社 n->gaus
[2017-12-28 16:52:13]	南阳 nr->ns
[2017-12-28 16:52:13]	浦江 n->ns
[2017-12-28 16:52:13]	黔西南 b->ns
[2017-12-28 16:52:13]	青年报 n->gnsh
[2017-12-28 16:52:13]	曲阳县 n->ns
[2017-12-28 16:52:13]	人民报 n->gnhk
[2017-12-28 16:52:13]	人民日报 nz->gnqg
[2017-12-28 16:52:13]	任丘 n->ns
[2017-12-28 16:52:13]	汝州 n->ns
[2017-12-28 16:52:13]	瑞安 nrf->ns
[2017-12-28 16:52:13]	商学院 n->gwot
[2017-12-28 16:52:13]	申报 v->gnzy
[2017-12-28 16:52:13]	生活报 n->gnhl
[2017-12-28 16:52:13]	市场报 n->gnbj
[2017-12-28 16:52:13]	市南区 n->ns
[2017-12-28 16:52:13]	搜狐 n->gwz
[2017-12-28 16:52:13]	遂宁 n->ns
[2017-12-28 16:52:13]	塘沽区 n->ns
[2017-12-28 16:52:13]	特立尼达和多巴哥 nz->nsf
[2017-12-28 16:52:13]	图瓦卢 n->nsf
[2017-12-28 16:52:13]	网易 nz->gwz
[2017-12-28 16:52:13]	威斯康星 nz->nsf
[2017-12-28 16:52:13]	文汇报 nz->gnhk
[2017-12-28 16:52:13]	文萃 n->gnhun
[2017-12-28 16:52:13]	新华社 nt->gacn
[2017-12-28 16:52:13]	新华网 nt->gwz
[2017-12-28 16:52:13]	新浪 nz->gwz
[2017-12-28 16:52:13]	沂源 n->ns
[2017-12-28 16:52:13]	鹰潭 n->ns
[2017-12-28 16:52:13]	中华网 nt->gwz
[2017-12-28 16:52:13]	中新网 nt->gwot
[2017-12-28 16:52:13]	中央电视台 nt->gtqg
[2017-12-28 16:52:13]	中央人民广播电台 nt->grqg
[2017-12-28 16:52:13]	瑙鲁 n->nsf
[2017-12-28 16:52:13]	滕州 n->ns
[2017-12-28 16:52:13]	红烧肉 n->gms
[2017-12-28 16:52:13]	饺子 n->gms
[2017-12-28 16:52:13]	鱼香肉丝 n->gms
[2017-12-28 16:52:13]	包子 n->gms
[2017-12-28 16:52:13]	炸酱面 n->gms
[2017-12-28 16:52:13]	煎饼 n->gms
[2017-12-28 16:52:13]	炒面 n->gms
[2017-12-28 16:52:13]	回锅肉 n->gms
[2017-12-28 16:52:13]	蛋炒饭 n->gms
[2017-12-28 16:52:13]	鸡汤 n->gms
[2017-12-28 16:52:13]	馒头 n->gms
[2017-12-28 16:52:13]	奶茶 n->gms
[2017-12-28 16:52:13]	麻辣烫 n->gms
[2017-12-28 16:52:13]	馄饨 n->gms
[2017-12-28 16:52:13]	凉面 n->gms
[2017-12-28 16:52:13]	东坡肉 n->gms
[2017-12-28 16:52:13]	鸡蛋羹 n->gms
[2017-12-28 16:52:13]	冰激凌 n->gms
[2017-12-28 16:52:13]	沙拉 n->gms
[2017-12-28 16:52:13]	肉丸 n->gms
[2017-12-28 16:52:13]	土豆泥 n->gms
[2017-12-28 16:52:13]	花卷 n->gms
[2017-12-28 16:52:13]	油条 n->gms
[2017-12-28 16:52:13]	发糕 n->gms
[2017-12-28 16:52:13]	粉蒸肉 n->gms
[2017-12-28 16:52:13]	酸辣汤 n->gms
[2017-12-28 16:52:13]	玉米饼 n->gms
[2017-12-28 16:52:13]	茶叶蛋 n->gms
[2017-12-28 16:52:13]	糖醋鱼 n->gms
[2017-12-28 16:52:13]	葡萄酒 n->gms
[2017-12-28 16:52:13]	臭豆腐 n->gms
[2017-12-28 16:52:13]	汉堡 nsf->gms
[2017-12-28 16:52:13]	回锅肉 n->gms
[2017-12-28 16:52:13]	辣椒油 n->gms
[2017-12-28 16:52:13]	烧卖 n->gms
[2017-12-28 16:52:13]	方便面 n->gms
[2017-12-28 16:52:13]	春卷 n->gms
[2017-12-28 16:52:13]	牛肉面 n->gms
[2017-12-28 16:52:13]	豆腐脑 n->gms
[2017-12-28 16:52:13]	鸡蛋糕 n->gms
[2017-12-28 16:52:13]	腊肉 n->gms
[2017-12-28 16:52:13]	腊八粥 n->gms
[2017-12-28 16:52:13]	派 n->gms
[2017-12-28 16:52:13]	窝窝头 n->gms
[2017-12-28 16:52:13]	阳春面 n->gms
[2017-12-28 16:52:13]	葱花饼 n->gms
[2017-12-28 16:52:13]	酸梅汤 n->gms
[2017-12-28 16:52:13]	熘肝尖 n->gms
[2017-12-28 16:52:13]	辣椒酱 n->gms
[2017-12-28 16:52:13]	八宝粥 n->gms
[2017-12-28 16:52:13]	锅贴 n->gms
[2017-12-28 16:52:13]	爆米花 n->gms
[2017-12-28 16:52:13]	烤鸭 n->gms
[2017-12-28 16:52:13]	烤羊肉串 n->gms
[2017-12-28 16:52:13]	面茶 n->gms
[2017-12-28 16:52:13]	烤羊肉串 n->gms
[2017-12-28 16:52:13]	热气球 n->gjtgj
[2017-12-28 16:52:13]	班机 n->gjtgj
[2017-12-28 16:52:13]	班轮 n->gjtgj
[2017-12-28 16:52:13]	出租汽车 nl->gjtgj
[2017-12-28 16:52:13]	船 n->gjtgj
[2017-12-28 16:52:13]	大客车 n->gjtgj
[2017-12-28 16:52:13]	地铁 n->gjtgj
[2017-12-28 16:52:13]	电车 n->gjtgj
[2017-12-28 16:52:13]	帆船 n->gjtgj
[2017-12-28 16:52:13]	飞机 n->gjtgj
[2017-12-28 16:52:13]	火车 n->gjtgj
[2017-12-28 16:52:13]	救生圈 n->gjtgj
[2017-12-28 16:52:13]	救生艇 n->gjtgj
[2017-12-28 16:52:13]	客机 n->gjtgj
[2017-12-28 16:52:13]	喷气机 n->gjtgj
[2017-12-28 16:52:13]	气垫船 n->gjtgj
[2017-12-28 16:52:13]	无轨电车 nl->gjtgj
[2017-12-28 16:52:13]	邮轮 n->gjtgj
[2017-12-28 16:52:13]	游船 n->gjtgj
[2017-12-28 16:52:13]	轮船 n->gjtgj
[2017-12-28 16:52:13]	万科 nz->key_ngs
[2017-12-28 16:52:13]	开心 a->happ
[2017-12-28 16:52:13]	幸福 a->happ
[2017-12-28 16:52:13]	遗憾 a->sorr
[2017-12-28 16:52:13]	长春 ns->nz
[2017-12-28 16:52:13]	万科 nz->nt
[2017-12-28 16:52:13]	阿里巴巴 nz->nt
[2017-12-28 16:52:13]	阿里 nrf->nt
[2017-12-28 16:52:13]	大唐 nz->nt
[2017-12-28 16:52:13]	三星 n->nt
[2017-12-28 16:52:13]	科林 nrf->nt
[2017-12-28 16:52:13]	戴尔 nrf->nt
[2017-12-28 16:52:13]	阿布扎比 nrf->nsf
[2017-12-28 16:52:13]	阿皮亚 n->nsf
[2017-12-28 16:52:13]	安塔拉 nrf->gain
[2017-12-28 16:52:13]	奥古斯塔 nrf->nsf
[2017-12-28 16:52:13]	北川 nrj->ns
[2017-12-28 16:52:13]	长岛 n->nsf
[2017-12-28 16:52:13]	大公报 n->gnhk
[2017-12-28 16:52:13]	俄通社 nt->gars
[2017-12-28 16:52:13]	二连浩特 n->ns
[2017-12-28 16:52:13]	法新社 nt->gafr
[2017-12-28 16:52:13]	桂阳 n->ns
[2017-12-28 16:52:13]	贵池 n->ns
[2017-12-28 16:52:13]	海口 n->ns
[2017-12-28 16:52:13]	河源 n->ns
[2017-12-28 16:52:13]	鹤壁 n->ns
[2017-12-28 16:52:13]	徽县 n->ns
[2017-12-28 16:52:13]	徽州 n->ns
[2017-12-28 16:52:14]	霍林郭勒 n->ns
[2017-12-28 16:52:14]	解放军报 n->gnqg
[2017-12-28 16:52:14]	金边 n->nsf
[2017-12-28 16:52:14]	金融界 n->gwcj
[2017-12-28 16:52:14]	今晚报 n->gntj
[2017-12-28 16:52:14]	津市 n->ns
[2017-12-28 16:52:14]	肯塔基 n->nsf
[2017-12-28 16:52:14]	快报 n->gnhk
[2017-12-28 16:52:14]	奎屯 n->ns
[2017-12-28 16:52:14]	联合报 n->gntw
[2017-12-28 16:52:14]	涟源 n->ns
[2017-12-28 16:52:14]	辽源 n->ns
[2017-12-28 16:52:14]	路透社 nt->gauk
[2017-12-28 16:52:14]	美联社 n->gaus
[2017-12-28 16:52:14]	南阳 nr->ns
[2017-12-28 16:52:14]	浦江 n->ns
[2017-12-28 16:52:14]	黔西南 b->ns
[2017-12-28 16:52:14]	青年报 n->gnsh
[2017-12-28 16:52:14]	曲阳县 n->ns
[2017-12-28 16:52:14]	人民报 n->gnhk
[2017-12-28 16:52:14]	人民日报 nz->gnqg
[2017-12-28 16:52:14]	任丘 n->ns
[2017-12-28 16:52:14]	汝州 n->ns
[2017-12-28 16:52:14]	瑞安 nrf->ns
[2017-12-28 16:52:14]	商学院 n->gwot
[2017-12-28 16:52:14]	申报 v->gnzy
[2017-12-28 16:52:14]	生活报 n->gnhl
[2017-12-28 16:52:14]	市场报 n->gnbj
[2017-12-28 16:52:14]	市南区 n->ns
[2017-12-28 16:52:14]	搜狐 n->gwz
[2017-12-28 16:52:14]	遂宁 n->ns
[2017-12-28 16:52:14]	塘沽区 n->ns
[2017-12-28 16:52:14]	特立尼达和多巴哥 nz->nsf
[2017-12-28 16:52:14]	图瓦卢 n->nsf
[2017-12-28 16:52:14]	网易 nz->gwz
[2017-12-28 16:52:14]	威斯康星 nz->nsf
[2017-12-28 16:52:14]	文汇报 nz->gnhk
[2017-12-28 16:52:14]	文萃 n->gnhun
[2017-12-28 16:52:14]	新华社 nt->gacn
[2017-12-28 16:52:14]	新华网 nt->gwz
[2017-12-28 16:52:14]	新浪 nz->gwz
[2017-12-28 16:52:14]	沂源 n->ns
[2017-12-28 16:52:14]	鹰潭 n->ns
[2017-12-28 16:52:14]	中华网 nt->gwz
[2017-12-28 16:52:14]	中新网 nt->gwot
[2017-12-28 16:52:14]	中央电视台 nt->gtqg
[2017-12-28 16:52:14]	中央人民广播电台 nt->grqg
[2017-12-28 16:52:14]	瑙鲁 n->nsf
[2017-12-28 16:52:14]	滕州 n->ns
[2017-12-28 16:52:14]	红烧肉 n->gms
[2017-12-28 16:52:14]	饺子 n->gms
[2017-12-28 16:52:14]	鱼香肉丝 n->gms
[2017-12-28 16:52:14]	包子 n->gms
[2017-12-28 16:52:14]	炸酱面 n->gms
[2017-12-28 16:52:14]	煎饼 n->gms
[2017-12-28 16:52:14]	炒面 n->gms
[2017-12-28 16:52:14]	回锅肉 n->gms
[2017-12-28 16:52:14]	蛋炒饭 n->gms
[2017-12-28 16:52:14]	鸡汤 n->gms
[2017-12-28 16:52:14]	馒头 n->gms
[2017-12-28 16:52:14]	奶茶 n->gms
[2017-12-28 16:52:14]	麻辣烫 n->gms
[2017-12-28 16:52:14]	馄饨 n->gms
[2017-12-28 16:52:14]	凉面 n->gms
[2017-12-28 16:52:14]	东坡肉 n->gms
[2017-12-28 16:52:14]	鸡蛋羹 n->gms
[2017-12-28 16:52:14]	冰激凌 n->gms
[2017-12-28 16:52:14]	沙拉 n->gms
[2017-12-28 16:52:14]	肉丸 n->gms
[2017-12-28 16:52:14]	土豆泥 n->gms
[2017-12-28 16:52:14]	花卷 n->gms
[2017-12-28 16:52:14]	油条 n->gms
[2017-12-28 16:52:14]	发糕 n->gms
[2017-12-28 16:52:14]	粉蒸肉 n->gms
[2017-12-28 16:52:14]	酸辣汤 n->gms
[2017-12-28 16:52:14]	玉米饼 n->gms
[2017-12-28 16:52:14]	茶叶蛋 n->gms
[2017-12-28 16:52:14]	糖醋鱼 n->gms
[2017-12-28 16:52:14]	葡萄酒 n->gms
[2017-12-28 16:52:14]	臭豆腐 n->gms
[2017-12-28 16:52:14]	汉堡 nsf->gms
[2017-12-28 16:52:14]	回锅肉 n->gms
[2017-12-28 16:52:14]	辣椒油 n->gms
[2017-12-28 16:52:14]	烧卖 n->gms
[2017-12-28 16:52:14]	方便面 n->gms
[2017-12-28 16:52:14]	春卷 n->gms
[2017-12-28 16:52:14]	牛肉面 n->gms
[2017-12-28 16:52:14]	豆腐脑 n->gms
[2017-12-28 16:52:14]	鸡蛋糕 n->gms
[2017-12-28 16:52:14]	腊肉 n->gms
[2017-12-28 16:52:14]	腊八粥 n->gms
[2017-12-28 16:52:14]	派 n->gms
[2017-12-28 16:52:14]	窝窝头 n->gms
[2017-12-28 16:52:14]	阳春面 n->gms
[2017-12-28 16:52:14]	葱花饼 n->gms
[2017-12-28 16:52:14]	酸梅汤 n->gms
[2017-12-28 16:52:14]	熘肝尖 n->gms
[2017-12-28 16:52:14]	辣椒酱 n->gms
[2017-12-28 16:52:14]	八宝粥 n->gms
[2017-12-28 16:52:14]	锅贴 n->gms
[2017-12-28 16:52:14]	爆米花 n->gms
[2017-12-28 16:52:14]	烤鸭 n->gms
[2017-12-28 16:52:14]	烤羊肉串 n->gms
[2017-12-28 16:52:14]	面茶 n->gms
[2017-12-28 16:52:14]	烤羊肉串 n->gms
[2017-12-28 16:52:14]	热气球 n->gjtgj
[2017-12-28 16:52:14]	班机 n->gjtgj
[2017-12-28 16:52:14]	班轮 n->gjtgj
[2017-12-28 16:52:14]	出租汽车 nl->gjtgj
[2017-12-28 16:52:14]	船 n->gjtgj
[2017-12-28 16:52:14]	大客车 n->gjtgj
[2017-12-28 16:52:14]	地铁 n->gjtgj
[2017-12-28 16:52:14]	电车 n->gjtgj
[2017-12-28 16:52:14]	帆船 n->gjtgj
[2017-12-28 16:52:14]	飞机 n->gjtgj
[2017-12-28 16:52:14]	火车 n->gjtgj
[2017-12-28 16:52:14]	救生圈 n->gjtgj
[2017-12-28 16:52:14]	救生艇 n->gjtgj
[2017-12-28 16:52:14]	客机 n->gjtgj
[2017-12-28 16:52:14]	喷气机 n->gjtgj
[2017-12-28 16:52:14]	气垫船 n->gjtgj
[2017-12-28 16:52:14]	无轨电车 nl->gjtgj
[2017-12-28 16:52:14]	邮轮 n->gjtgj
[2017-12-28 16:52:14]	游船 n->gjtgj
[2017-12-28 16:52:14]	轮船 n->gjtgj
[2017-12-28 16:52:53]	万科 nz->key_ngs
[2017-12-28 16:52:53]	开心 a->happ
[2017-12-28 16:52:53]	幸福 a->happ
[2017-12-28 16:52:53]	遗憾 a->sorr
[2017-12-28 16:52:53]	长春 ns->nz
[2017-12-28 16:52:53]	万科 nz->nt
[2017-12-28 16:52:53]	阿里巴巴 nz->nt
[2017-12-28 16:52:53]	阿里 nrf->nt
[2017-12-28 16:52:53]	大唐 nz->nt
[2017-12-28 16:52:53]	三星 n->nt
[2017-12-28 16:52:53]	科林 nrf->nt
[2017-12-28 16:52:53]	戴尔 nrf->nt
[2017-12-28 16:52:53]	阿布扎比 nrf->nsf
[2017-12-28 16:52:53]	阿皮亚 n->nsf
[2017-12-28 16:52:53]	安塔拉 nrf->gain
[2017-12-28 16:52:53]	奥古斯塔 nrf->nsf
[2017-12-28 16:52:53]	北川 nrj->ns
[2017-12-28 16:52:53]	长岛 n->nsf
[2017-12-28 16:52:53]	大公报 n->gnhk
[2017-12-28 16:52:53]	俄通社 nt->gars
[2017-12-28 16:52:53]	二连浩特 n->ns
[2017-12-28 16:52:53]	法新社 nt->gafr
[2017-12-28 16:52:53]	桂阳 n->ns
[2017-12-28 16:52:53]	贵池 n->ns
[2017-12-28 16:52:53]	海口 n->ns
[2017-12-28 16:52:53]	河源 n->ns
[2017-12-28 16:52:53]	鹤壁 n->ns
[2017-12-28 16:52:53]	徽县 n->ns
[2017-12-28 16:52:53]	徽州 n->ns
[2017-12-28 16:52:53]	霍林郭勒 n->ns
[2017-12-28 16:52:53]	解放军报 n->gnqg
[2017-12-28 16:52:53]	金边 n->nsf
[2017-12-28 16:52:53]	金融界 n->gwcj
[2017-12-28 16:52:53]	今晚报 n->gntj
[2017-12-28 16:52:53]	津市 n->ns
[2017-12-28 16:52:53]	肯塔基 n->nsf
[2017-12-28 16:52:53]	快报 n->gnhk
[2017-12-28 16:52:53]	奎屯 n->ns
[2017-12-28 16:52:53]	联合报 n->gntw
[2017-12-28 16:52:53]	涟源 n->ns
[2017-12-28 16:52:53]	辽源 n->ns
[2017-12-28 16:52:53]	路透社 nt->gauk
[2017-12-28 16:52:53]	美联社 n->gaus
[2017-12-28 16:52:53]	南阳 nr->ns
[2017-12-28 16:52:53]	浦江 n->ns
[2017-12-28 16:52:53]	黔西南 b->ns
[2017-12-28 16:52:53]	青年报 n->gnsh
[2017-12-28 16:52:53]	曲阳县 n->ns
[2017-12-28 16:52:53]	人民报 n->gnhk
[2017-12-28 16:52:53]	人民日报 nz->gnqg
[2017-12-28 16:52:53]	任丘 n->ns
[2017-12-28 16:52:53]	汝州 n->ns
[2017-12-28 16:52:53]	瑞安 nrf->ns
[2017-12-28 16:52:53]	商学院 n->gwot
[2017-12-28 16:52:53]	申报 v->gnzy
[2017-12-28 16:52:53]	生活报 n->gnhl
[2017-12-28 16:52:53]	市场报 n->gnbj
[2017-12-28 16:52:53]	市南区 n->ns
[2017-12-28 16:52:53]	搜狐 n->gwz
[2017-12-28 16:52:53]	遂宁 n->ns
[2017-12-28 16:52:53]	塘沽区 n->ns
[2017-12-28 16:52:53]	特立尼达和多巴哥 nz->nsf
[2017-12-28 16:52:53]	图瓦卢 n->nsf
[2017-12-28 16:52:53]	网易 nz->gwz
[2017-12-28 16:52:53]	威斯康星 nz->nsf
[2017-12-28 16:52:53]	文汇报 nz->gnhk
[2017-12-28 16:52:53]	文萃 n->gnhun
[2017-12-28 16:52:53]	新华社 nt->gacn
[2017-12-28 16:52:53]	新华网 nt->gwz
[2017-12-28 16:52:53]	新浪 nz->gwz
[2017-12-28 16:52:53]	沂源 n->ns
[2017-12-28 16:52:53]	鹰潭 n->ns
[2017-12-28 16:52:53]	中华网 nt->gwz
[2017-12-28 16:52:53]	中新网 nt->gwot
[2017-12-28 16:52:53]	中央电视台 nt->gtqg
[2017-12-28 16:52:53]	中央人民广播电台 nt->grqg
[2017-12-28 16:52:53]	瑙鲁 n->nsf
[2017-12-28 16:52:53]	滕州 n->ns
[2017-12-28 16:52:53]	红烧肉 n->gms
[2017-12-28 16:52:53]	饺子 n->gms
[2017-12-28 16:52:53]	鱼香肉丝 n->gms
[2017-12-28 16:52:53]	包子 n->gms
[2017-12-28 16:52:53]	炸酱面 n->gms
[2017-12-28 16:52:53]	煎饼 n->gms
[2017-12-28 16:52:53]	炒面 n->gms
[2017-12-28 16:52:53]	回锅肉 n->gms
[2017-12-28 16:52:53]	蛋炒饭 n->gms
[2017-12-28 16:52:53]	鸡汤 n->gms
[2017-12-28 16:52:53]	馒头 n->gms
[2017-12-28 16:52:53]	奶茶 n->gms
[2017-12-28 16:52:53]	麻辣烫 n->gms
[2017-12-28 16:52:53]	馄饨 n->gms
[2017-12-28 16:52:53]	凉面 n->gms
[2017-12-28 16:52:53]	东坡肉 n->gms
[2017-12-28 16:52:53]	鸡蛋羹 n->gms
[2017-12-28 16:52:53]	冰激凌 n->gms
[2017-12-28 16:52:53]	沙拉 n->gms
[2017-12-28 16:52:53]	肉丸 n->gms
[2017-12-28 16:52:53]	土豆泥 n->gms
[2017-12-28 16:52:53]	花卷 n->gms
[2017-12-28 16:52:53]	油条 n->gms
[2017-12-28 16:52:53]	发糕 n->gms
[2017-12-28 16:52:53]	粉蒸肉 n->gms
[2017-12-28 16:52:53]	酸辣汤 n->gms
[2017-12-28 16:52:53]	玉米饼 n->gms
[2017-12-28 16:52:53]	茶叶蛋 n->gms
[2017-12-28 16:52:53]	糖醋鱼 n->gms
[2017-12-28 16:52:53]	葡萄酒 n->gms
[2017-12-28 16:52:53]	臭豆腐 n->gms
[2017-12-28 16:52:53]	汉堡 nsf->gms
[2017-12-28 16:52:53]	回锅肉 n->gms
[2017-12-28 16:52:53]	辣椒油 n->gms
[2017-12-28 16:52:53]	烧卖 n->gms
[2017-12-28 16:52:53]	方便面 n->gms
[2017-12-28 16:52:53]	春卷 n->gms
[2017-12-28 16:52:53]	牛肉面 n->gms
[2017-12-28 16:52:53]	豆腐脑 n->gms
[2017-12-28 16:52:53]	鸡蛋糕 n->gms
[2017-12-28 16:52:53]	腊肉 n->gms
[2017-12-28 16:52:53]	腊八粥 n->gms
[2017-12-28 16:52:53]	派 n->gms
[2017-12-28 16:52:53]	窝窝头 n->gms
[2017-12-28 16:52:53]	阳春面 n->gms
[2017-12-28 16:52:53]	葱花饼 n->gms
[2017-12-28 16:52:53]	酸梅汤 n->gms
[2017-12-28 16:52:53]	熘肝尖 n->gms
[2017-12-28 16:52:53]	辣椒酱 n->gms
[2017-12-28 16:52:53]	八宝粥 n->gms
[2017-12-28 16:52:53]	锅贴 n->gms
[2017-12-28 16:52:53]	爆米花 n->gms
[2017-12-28 16:52:53]	烤鸭 n->gms
[2017-12-28 16:52:53]	烤羊肉串 n->gms
[2017-12-28 16:52:53]	面茶 n->gms
[2017-12-28 16:52:53]	烤羊肉串 n->gms
[2017-12-28 16:52:54]	热气球 n->gjtgj
[2017-12-28 16:52:54]	班机 n->gjtgj
[2017-12-28 16:52:54]	班轮 n->gjtgj
[2017-12-28 16:52:54]	出租汽车 nl->gjtgj
[2017-12-28 16:52:54]	船 n->gjtgj
[2017-12-28 16:52:54]	大客车 n->gjtgj
[2017-12-28 16:52:54]	地铁 n->gjtgj
[2017-12-28 16:52:54]	电车 n->gjtgj
[2017-12-28 16:52:54]	帆船 n->gjtgj
[2017-12-28 16:52:54]	飞机 n->gjtgj
[2017-12-28 16:52:54]	火车 n->gjtgj
[2017-12-28 16:52:54]	救生圈 n->gjtgj
[2017-12-28 16:52:54]	救生艇 n->gjtgj
[2017-12-28 16:52:54]	客机 n->gjtgj
[2017-12-28 16:52:54]	喷气机 n->gjtgj
[2017-12-28 16:52:54]	气垫船 n->gjtgj
[2017-12-28 16:52:54]	无轨电车 nl->gjtgj
[2017-12-28 16:52:54]	邮轮 n->gjtgj
[2017-12-28 16:52:54]	游船 n->gjtgj
[2017-12-28 16:52:54]	轮船 n->gjtgj
[2017-12-28 16:52:54]	万科 nz->key_ngs
[2017-12-28 16:52:54]	开心 a->happ
[2017-12-28 16:52:54]	幸福 a->happ
[2017-12-28 16:52:54]	遗憾 a->sorr
[2017-12-28 16:52:54]	长春 ns->nz
[2017-12-28 16:52:54]	万科 nz->nt
[2017-12-28 16:52:54]	阿里巴巴 nz->nt
[2017-12-28 16:52:54]	阿里 nrf->nt
[2017-12-28 16:52:54]	大唐 nz->nt
[2017-12-28 16:52:54]	三星 n->nt
[2017-12-28 16:52:54]	科林 nrf->nt
[2017-12-28 16:52:54]	戴尔 nrf->nt
[2017-12-28 16:52:54]	阿布扎比 nrf->nsf
[2017-12-28 16:52:54]	阿皮亚 n->nsf
[2017-12-28 16:52:54]	安塔拉 nrf->gain
[2017-12-28 16:52:54]	奥古斯塔 nrf->nsf
[2017-12-28 16:52:54]	北川 nrj->ns
[2017-12-28 16:52:54]	长岛 n->nsf
[2017-12-28 16:52:54]	大公报 n->gnhk
[2017-12-28 16:52:54]	俄通社 nt->gars
[2017-12-28 16:52:54]	二连浩特 n->ns
[2017-12-28 16:52:54]	法新社 nt->gafr
[2017-12-28 16:52:54]	桂阳 n->ns
[2017-12-28 16:52:54]	贵池 n->ns
[2017-12-28 16:52:54]	海口 n->ns
[2017-12-28 16:52:54]	河源 n->ns
[2017-12-28 16:52:54]	鹤壁 n->ns
[2017-12-28 16:52:54]	徽县 n->ns
[2017-12-28 16:52:54]	徽州 n->ns
[2017-12-28 16:52:54]	霍林郭勒 n->ns
[2017-12-28 16:52:54]	解放军报 n->gnqg
[2017-12-28 16:52:54]	金边 n->nsf
[2017-12-28 16:52:54]	金融界 n->gwcj
[2017-12-28 16:52:54]	今晚报 n->gntj
[2017-12-28 16:52:54]	津市 n->ns
[2017-12-28 16:52:54]	肯塔基 n->nsf
[2017-12-28 16:52:54]	快报 n->gnhk
[2017-12-28 16:52:54]	奎屯 n->ns
[2017-12-28 16:52:54]	联合报 n->gntw
[2017-12-28 16:52:54]	涟源 n->ns
[2017-12-28 16:52:54]	辽源 n->ns
[2017-12-28 16:52:54]	路透社 nt->gauk
[2017-12-28 16:52:54]	美联社 n->gaus
[2017-12-28 16:52:54]	南阳 nr->ns
[2017-12-28 16:52:54]	浦江 n->ns
[2017-12-28 16:52:54]	黔西南 b->ns
[2017-12-28 16:52:54]	青年报 n->gnsh
[2017-12-28 16:52:54]	曲阳县 n->ns
[2017-12-28 16:52:54]	人民报 n->gnhk
[2017-12-28 16:52:54]	人民日报 nz->gnqg
[2017-12-28 16:52:54]	任丘 n->ns
[2017-12-28 16:52:54]	汝州 n->ns
[2017-12-28 16:52:54]	瑞安 nrf->ns
[2017-12-28 16:52:54]	商学院 n->gwot
[2017-12-28 16:52:54]	申报 v->gnzy
[2017-12-28 16:52:54]	生活报 n->gnhl
[2017-12-28 16:52:54]	市场报 n->gnbj
[2017-12-28 16:52:54]	市南区 n->ns
[2017-12-28 16:52:54]	搜狐 n->gwz
[2017-12-28 16:52:54]	遂宁 n->ns
[2017-12-28 16:52:54]	塘沽区 n->ns
[2017-12-28 16:52:54]	特立尼达和多巴哥 nz->nsf
[2017-12-28 16:52:54]	图瓦卢 n->nsf
[2017-12-28 16:52:54]	网易 nz->gwz
[2017-12-28 16:52:54]	威斯康星 nz->nsf
[2017-12-28 16:52:54]	文汇报 nz->gnhk
[2017-12-28 16:52:54]	文萃 n->gnhun
[2017-12-28 16:52:54]	新华社 nt->gacn
[2017-12-28 16:52:54]	新华网 nt->gwz
[2017-12-28 16:52:54]	新浪 nz->gwz
[2017-12-28 16:52:54]	沂源 n->ns
[2017-12-28 16:52:54]	鹰潭 n->ns
[2017-12-28 16:52:54]	中华网 nt->gwz
[2017-12-28 16:52:54]	中新网 nt->gwot
[2017-12-28 16:52:54]	中央电视台 nt->gtqg
[2017-12-28 16:52:54]	中央人民广播电台 nt->grqg
[2017-12-28 16:52:54]	瑙鲁 n->nsf
[2017-12-28 16:52:54]	滕州 n->ns
[2017-12-28 16:52:54]	红烧肉 n->gms
[2017-12-28 16:52:54]	饺子 n->gms
[2017-12-28 16:52:54]	鱼香肉丝 n->gms
[2017-12-28 16:52:54]	包子 n->gms
[2017-12-28 16:52:54]	炸酱面 n->gms
[2017-12-28 16:52:54]	煎饼 n->gms
[2017-12-28 16:52:54]	炒面 n->gms
[2017-12-28 16:52:54]	回锅肉 n->gms
[2017-12-28 16:52:54]	蛋炒饭 n->gms
[2017-12-28 16:52:54]	鸡汤 n->gms
[2017-12-28 16:52:54]	馒头 n->gms
[2017-12-28 16:52:54]	奶茶 n->gms
[2017-12-28 16:52:54]	麻辣烫 n->gms
[2017-12-28 16:52:54]	馄饨 n->gms
[2017-12-28 16:52:54]	凉面 n->gms
[2017-12-28 16:52:54]	东坡肉 n->gms
[2017-12-28 16:52:54]	鸡蛋羹 n->gms
[2017-12-28 16:52:54]	冰激凌 n->gms
[2017-12-28 16:52:54]	沙拉 n->gms
[2017-12-28 16:52:54]	肉丸 n->gms
[2017-12-28 16:52:54]	土豆泥 n->gms
[2017-12-28 16:52:54]	花卷 n->gms
[2017-12-28 16:52:54]	油条 n->gms
[2017-12-28 16:52:54]	发糕 n->gms
[2017-12-28 16:52:54]	粉蒸肉 n->gms
[2017-12-28 16:52:55]	酸辣汤 n->gms
[2017-12-28 16:52:55]	玉米饼 n->gms
[2017-12-28 16:52:55]	茶叶蛋 n->gms
[2017-12-28 16:52:55]	糖醋鱼 n->gms
[2017-12-28 16:52:55]	葡萄酒 n->gms
[2017-12-28 16:52:55]	臭豆腐 n->gms
[2017-12-28 16:52:55]	汉堡 nsf->gms
[2017-12-28 16:52:55]	回锅肉 n->gms
[2017-12-28 16:52:55]	辣椒油 n->gms
[2017-12-28 16:52:55]	烧卖 n->gms
[2017-12-28 16:52:55]	方便面 n->gms
[2017-12-28 16:52:55]	春卷 n->gms
[2017-12-28 16:52:55]	牛肉面 n->gms
[2017-12-28 16:52:55]	豆腐脑 n->gms
[2017-12-28 16:52:55]	鸡蛋糕 n->gms
[2017-12-28 16:52:55]	腊肉 n->gms
[2017-12-28 16:52:55]	腊八粥 n->gms
[2017-12-28 16:52:55]	派 n->gms
[2017-12-28 16:52:55]	窝窝头 n->gms
[2017-12-28 16:52:55]	阳春面 n->gms
[2017-12-28 16:52:55]	葱花饼 n->gms
[2017-12-28 16:52:55]	酸梅汤 n->gms
[2017-12-28 16:52:55]	熘肝尖 n->gms
[2017-12-28 16:52:55]	辣椒酱 n->gms
[2017-12-28 16:52:55]	八宝粥 n->gms
[2017-12-28 16:52:55]	锅贴 n->gms
[2017-12-28 16:52:55]	爆米花 n->gms
[2017-12-28 16:52:55]	烤鸭 n->gms
[2017-12-28 16:52:55]	烤羊肉串 n->gms
[2017-12-28 16:52:55]	面茶 n->gms
[2017-12-28 16:52:55]	烤羊肉串 n->gms
[2017-12-28 16:52:55]	热气球 n->gjtgj
[2017-12-28 16:52:55]	班机 n->gjtgj
[2017-12-28 16:52:55]	班轮 n->gjtgj
[2017-12-28 16:52:55]	出租汽车 nl->gjtgj
[2017-12-28 16:52:55]	船 n->gjtgj
[2017-12-28 16:52:55]	大客车 n->gjtgj
[2017-12-28 16:52:55]	地铁 n->gjtgj
[2017-12-28 16:52:55]	电车 n->gjtgj
[2017-12-28 16:52:55]	帆船 n->gjtgj
[2017-12-28 16:52:55]	飞机 n->gjtgj
[2017-12-28 16:52:55]	火车 n->gjtgj
[2017-12-28 16:52:55]	救生圈 n->gjtgj
[2017-12-28 16:52:55]	救生艇 n->gjtgj
[2017-12-28 16:52:55]	客机 n->gjtgj
[2017-12-28 16:52:55]	喷气机 n->gjtgj
[2017-12-28 16:52:55]	气垫船 n->gjtgj
[2017-12-28 16:52:55]	无轨电车 nl->gjtgj
[2017-12-28 16:52:55]	邮轮 n->gjtgj
[2017-12-28 16:52:55]	游船 n->gjtgj
[2017-12-28 16:52:55]	轮船 n->gjtgj
